0 verbose cli C:\Program Files\nodejs\node.exe C:\Users\roko\AppData\Roaming\npm\node_modules\npm\bin\npm-cli.js
1 info using npm@10.2.4
2 info using node@v20.9.0
3 timing npm:load:whichnode Completed in 2ms
4 timing config:load:defaults Completed in 2ms
5 timing config:load:file:C:\Users\roko\AppData\Roaming\npm\node_modules\npm\npmrc Completed in 3ms
6 timing config:load:builtin Completed in 4ms
7 timing config:load:cli Completed in 1ms
8 timing config:load:env Completed in 1ms
9 timing config:load:file:C:\Users\roko\Desktop\Arena\.npmrc Completed in 0ms
10 timing config:load:project Completed in 2ms
11 timing config:load:file:C:\Users\roko\.npmrc Completed in 1ms
12 timing config:load:user Completed in 1ms
13 timing config:load:file:C:\Users\roko\AppData\Roaming\npm\etc\npmrc Completed in 0ms
14 timing config:load:global Completed in 0ms
15 timing config:load:setEnvs Completed in 1ms
16 timing config:load Completed in 12ms
17 timing npm:load:configload Completed in 12ms
18 timing config:load:flatten Completed in 2ms
19 timing npm:load:mkdirpcache Completed in 0ms
20 timing npm:load:mkdirplogs Completed in 0ms
21 verbose title npm create react-app
22 verbose argv "create" "react-app"
23 timing npm:load:setTitle Completed in 1ms
24 timing npm:load:display Completed in 0ms
25 verbose logfile logs-max:10 dir:C:\Users\roko\Desktop\Arena\npm-cache\_logs\2024-02-01T15_20_58_729Z-
26 verbose logfile C:\Users\roko\Desktop\Arena\npm-cache\_logs\2024-02-01T15_20_58_729Z-debug-0.log
27 timing npm:load:logFile Completed in 10ms
28 timing npm:load:timers Completed in 0ms
29 timing npm:load:configScope Completed in 0ms
30 timing npm:load Completed in 55ms
31 silly logfile done cleaning log files
32 timing arborist:ctor Completed in 1ms
33 http fetch GET 200 https://registry.npmjs.org/npm 1243ms (cache miss)
34 http fetch GET 200 https://registry.npmjs.org/create-react-app 1341ms (cache miss)
35 timing arborist:ctor Completed in 1ms
36 timing arborist:ctor Completed in 0ms
37 timing idealTree:init Completed in 4ms
38 timing idealTree:userRequests Completed in 2ms
39 silly idealTree buildDeps
40 silly fetch manifest create-react-app@5.0.1
41 http fetch GET 200 https://registry.npmjs.org/create-react-app 10ms (cache hit)
42 silly placeDep ROOT create-react-app@5.0.1 OK for:  want: 5.0.1
43 silly fetch manifest chalk@^4.1.2
44 silly fetch manifest commander@^4.1.1
45 silly fetch manifest cross-spawn@^7.0.3
46 silly fetch manifest envinfo@^7.8.1
47 silly fetch manifest fs-extra@^10.0.0
48 silly fetch manifest hyperquest@^2.1.3
49 silly fetch manifest prompts@^2.4.2
50 silly fetch manifest semver@^7.3.5
51 silly fetch manifest tar-pack@^3.4.1
52 silly fetch manifest tmp@^0.2.1
53 silly fetch manifest validate-npm-package-name@^3.0.0
54 http fetch GET 200 https://registry.npmjs.org/commander 448ms (cache miss)
55 http fetch GET 200 https://registry.npmjs.org/fs-extra 493ms (cache miss)
56 http fetch GET 200 https://registry.npmjs.org/tmp 586ms (cache miss)
57 http fetch GET 200 https://registry.npmjs.org/envinfo 632ms (cache miss)
58 http fetch GET 200 https://registry.npmjs.org/semver 637ms (cache miss)
59 http fetch GET 200 https://registry.npmjs.org/prompts 746ms (cache miss)
60 http fetch GET 200 https://registry.npmjs.org/validate-npm-package-name 794ms (cache miss)
61 http fetch GET 200 https://registry.npmjs.org/chalk 841ms (cache miss)
62 http fetch GET 200 https://registry.npmjs.org/cross-spawn 893ms (cache miss)
63 http fetch GET 200 https://registry.npmjs.org/tar-pack 1063ms (cache miss)
64 http fetch GET 200 https://registry.npmjs.org/hyperquest 4268ms (cache miss)
65 timing idealTree:#root Completed in 4289ms
66 silly placeDep ROOT chalk@4.1.2 OK for: create-react-app@5.0.1 want: ^4.1.2
67 silly fetch manifest ansi-styles@^4.1.0
68 silly fetch manifest supports-color@^7.1.0
69 silly placeDep ROOT commander@4.1.1 OK for: create-react-app@5.0.1 want: ^4.1.1
70 silly placeDep ROOT cross-spawn@7.0.3 OK for: create-react-app@5.0.1 want: ^7.0.3
71 silly fetch manifest path-key@^3.1.0
72 silly fetch manifest shebang-command@^2.0.0
73 silly fetch manifest which@^2.0.1
74 silly placeDep ROOT envinfo@7.11.0 OK for: create-react-app@5.0.1 want: ^7.8.1
75 silly placeDep ROOT fs-extra@10.1.0 OK for: create-react-app@5.0.1 want: ^10.0.0
76 silly fetch manifest graceful-fs@^4.2.0
77 silly fetch manifest jsonfile@^6.0.1
78 silly fetch manifest universalify@^2.0.0
79 silly placeDep ROOT hyperquest@2.1.3 OK for: create-react-app@5.0.1 want: ^2.1.3
80 silly fetch manifest buffer-from@^0.1.1
81 silly fetch manifest duplexer2@~0.0.2
82 silly fetch manifest through2@~0.6.3
83 silly placeDep ROOT prompts@2.4.2 OK for: create-react-app@5.0.1 want: ^2.4.2
84 silly fetch manifest kleur@^3.0.3
85 silly fetch manifest sisteransi@^1.0.5
86 silly placeDep ROOT semver@7.5.4 OK for: create-react-app@5.0.1 want: ^7.3.5
87 silly fetch manifest lru-cache@^6.0.0
88 silly placeDep ROOT tar-pack@3.4.1 OK for: create-react-app@5.0.1 want: ^3.4.1
89 silly fetch manifest debug@^2.2.0
90 silly fetch manifest fstream@^1.0.10
91 silly fetch manifest fstream-ignore@^1.0.5
92 silly fetch manifest once@^1.3.3
93 silly fetch manifest readable-stream@^2.1.4
94 silly fetch manifest rimraf@^2.5.1
95 silly fetch manifest tar@^2.2.1
96 silly fetch manifest uid-number@^0.0.6
97 silly placeDep ROOT tmp@0.2.1 OK for: create-react-app@5.0.1 want: ^0.2.1
98 silly fetch manifest rimraf@^3.0.0
99 silly placeDep ROOT validate-npm-package-name@3.0.0 OK for: create-react-app@5.0.1 want: ^3.0.0
100 silly fetch manifest builtins@^1.0.3
101 http fetch GET 200 https://registry.npmjs.org/ansi-styles 101ms (cache miss)
102 http fetch GET 200 https://registry.npmjs.org/which 113ms (cache miss)
103 http fetch GET 200 https://registry.npmjs.org/duplexer2 129ms (cache miss)
104 http fetch GET 200 https://registry.npmjs.org/jsonfile 142ms (cache miss)
105 http fetch GET 200 https://registry.npmjs.org/through2 141ms (cache miss)
106 http fetch GET 200 https://registry.npmjs.org/path-key 154ms (cache miss)
107 http fetch GET 200 https://registry.npmjs.org/shebang-command 177ms (cache miss)
108 http fetch GET 200 https://registry.npmjs.org/buffer-from 175ms (cache miss)
109 http fetch GET 200 https://registry.npmjs.org/graceful-fs 327ms (cache miss)
110 http fetch GET 200 https://registry.npmjs.org/kleur 402ms (cache miss)
111 http fetch GET 200 https://registry.npmjs.org/universalify 558ms (cache miss)
112 http fetch GET 200 https://registry.npmjs.org/supports-color 661ms (cache miss)
113 http fetch GET 200 https://registry.npmjs.org/once 718ms (cache miss)
114 http fetch GET 200 https://registry.npmjs.org/fstream-ignore 798ms (cache miss)
115 http fetch GET 200 https://registry.npmjs.org/sisteransi 820ms (cache miss)
116 http fetch GET 200 https://registry.npmjs.org/fstream 887ms (cache miss)
117 http fetch GET 200 https://registry.npmjs.org/tar 930ms (cache miss)
118 http fetch GET 200 https://registry.npmjs.org/builtins 939ms (cache miss)
119 http fetch GET 200 https://registry.npmjs.org/rimraf 1004ms (cache miss)
120 http fetch GET 200 https://registry.npmjs.org/lru-cache 1014ms (cache miss)
121 http fetch GET 200 https://registry.npmjs.org/uid-number 1072ms (cache miss)
122 http fetch GET 200 https://registry.npmjs.org/debug 1081ms (cache miss)
123 http fetch GET 200 https://registry.npmjs.org/rimraf 1115ms (cache miss)
124 http fetch GET 200 https://registry.npmjs.org/readable-stream 1129ms (cache miss)
125 timing idealTree:node_modules/create-react-app Completed in 1163ms
126 silly placeDep ROOT ansi-styles@4.3.0 OK for: chalk@4.1.2 want: ^4.1.0
127 silly fetch manifest color-convert@^2.0.1
128 silly placeDep ROOT supports-color@7.2.0 OK for: chalk@4.1.2 want: ^7.1.0
129 silly fetch manifest has-flag@^4.0.0
130 http fetch GET 200 https://registry.npmjs.org/color-convert 76ms (cache miss)
131 http fetch GET 200 https://registry.npmjs.org/has-flag 78ms (cache miss)
132 timing idealTree:node_modules/chalk Completed in 84ms
133 silly placeDep ROOT color-convert@2.0.1 OK for: ansi-styles@4.3.0 want: ^2.0.1
134 silly fetch manifest color-name@~1.1.4
135 http fetch GET 200 https://registry.npmjs.org/color-name 64ms (cache miss)
136 timing idealTree:node_modules/ansi-styles Completed in 66ms
137 silly placeDep ROOT color-name@1.1.4 OK for: color-convert@2.0.1 want: ~1.1.4
138 timing idealTree:node_modules/color-convert Completed in 2ms
139 timing idealTree:node_modules/color-name Completed in 0ms
140 timing idealTree:node_modules/commander Completed in 0ms
141 silly placeDep ROOT path-key@3.1.1 OK for: cross-spawn@7.0.3 want: ^3.1.0
142 silly placeDep ROOT shebang-command@2.0.0 OK for: cross-spawn@7.0.3 want: ^2.0.0
143 silly fetch manifest shebang-regex@^3.0.0
144 silly placeDep ROOT which@2.0.2 OK for: cross-spawn@7.0.3 want: ^2.0.1
145 silly fetch manifest isexe@^2.0.0
146 http fetch GET 200 https://registry.npmjs.org/shebang-regex 83ms (cache miss)
147 http fetch GET 200 https://registry.npmjs.org/isexe 89ms (cache miss)
148 timing idealTree:node_modules/cross-spawn Completed in 94ms
149 timing idealTree:node_modules/envinfo Completed in 0ms
150 silly placeDep ROOT graceful-fs@4.2.11 OK for: fs-extra@10.1.0 want: ^4.2.0
151 silly placeDep ROOT jsonfile@6.1.0 OK for: fs-extra@10.1.0 want: ^6.0.1
152 silly placeDep ROOT universalify@2.0.1 OK for: fs-extra@10.1.0 want: ^2.0.0
153 timing idealTree:node_modules/fs-extra Completed in 4ms
154 timing idealTree:node_modules/graceful-fs Completed in 0ms
155 silly placeDep ROOT buffer-from@0.1.2 OK for: hyperquest@2.1.3 want: ^0.1.1
156 silly placeDep ROOT duplexer2@0.0.2 OK for: hyperquest@2.1.3 want: ~0.0.2
157 silly fetch manifest readable-stream@~1.1.9
158 silly placeDep ROOT through2@0.6.5 OK for: hyperquest@2.1.3 want: ~0.6.3
159 silly fetch manifest readable-stream@>=1.0.33-1 <1.1.0-0
160 silly fetch manifest xtend@>=4.0.0 <4.1.0-0
161 http fetch GET 200 https://registry.npmjs.org/xtend 74ms (cache miss)
162 timing idealTree:node_modules/hyperquest Completed in 79ms
163 timing idealTree:node_modules/buffer-from Completed in 0ms
164 silly placeDep ROOT readable-stream@1.1.14 OK for: duplexer2@0.0.2 want: ~1.1.9
165 silly fetch manifest core-util-is@~1.0.0
166 silly fetch manifest isarray@0.0.1
167 silly fetch manifest string_decoder@~0.10.x
168 silly fetch manifest inherits@~2.0.1
169 http fetch GET 200 https://registry.npmjs.org/isarray 68ms (cache miss)
170 http fetch GET 200 https://registry.npmjs.org/string_decoder 74ms (cache miss)
171 http fetch GET 200 https://registry.npmjs.org/core-util-is 100ms (cache miss)
172 http fetch GET 200 https://registry.npmjs.org/inherits 120ms (cache miss)
173 timing idealTree:node_modules/duplexer2 Completed in 124ms
174 timing idealTree:node_modules/jsonfile Completed in 1ms
175 timing idealTree:node_modules/path-key Completed in 0ms
176 silly placeDep ROOT kleur@3.0.3 OK for: prompts@2.4.2 want: ^3.0.3
177 silly placeDep ROOT sisteransi@1.0.5 OK for: prompts@2.4.2 want: ^1.0.5
178 timing idealTree:node_modules/prompts Completed in 2ms
179 timing idealTree:node_modules/kleur Completed in 0ms
180 silly placeDep ROOT core-util-is@1.0.3 OK for: readable-stream@1.1.14 want: ~1.0.0
181 silly placeDep ROOT inherits@2.0.4 OK for: readable-stream@1.1.14 want: ~2.0.1
182 silly placeDep ROOT isarray@0.0.1 OK for: readable-stream@1.1.14 want: 0.0.1
183 silly placeDep ROOT string_decoder@0.10.31 OK for: readable-stream@1.1.14 want: ~0.10.x
184 timing idealTree:node_modules/readable-stream Completed in 4ms
185 timing idealTree:node_modules/core-util-is Completed in 0ms
186 timing idealTree:node_modules/inherits Completed in 0ms
187 timing idealTree:node_modules/isarray Completed in 0ms
188 silly placeDep ROOT lru-cache@6.0.0 OK for: semver@7.5.4 want: ^6.0.0
189 silly fetch manifest yallist@^4.0.0
190 http fetch GET 200 https://registry.npmjs.org/yallist 102ms (cache miss)
191 timing idealTree:node_modules/semver Completed in 104ms
192 silly placeDep ROOT yallist@4.0.0 OK for: lru-cache@6.0.0 want: ^4.0.0
193 timing idealTree:node_modules/lru-cache Completed in 2ms
194 silly placeDep ROOT shebang-regex@3.0.0 OK for: shebang-command@2.0.0 want: ^3.0.0
195 timing idealTree:node_modules/shebang-command Completed in 1ms
196 timing idealTree:node_modules/shebang-regex Completed in 0ms
197 timing idealTree:node_modules/sisteransi Completed in 0ms
198 timing idealTree:node_modules/string_decoder Completed in 0ms
199 silly placeDep ROOT has-flag@4.0.0 OK for: supports-color@7.2.0 want: ^4.0.0
200 timing idealTree:node_modules/supports-color Completed in 1ms
201 timing idealTree:node_modules/has-flag Completed in 0ms
202 silly placeDep ROOT debug@2.6.9 OK for: tar-pack@3.4.1 want: ^2.2.0
203 silly fetch manifest ms@2.0.0
204 silly placeDep ROOT fstream@1.0.12 OK for: tar-pack@3.4.1 want: ^1.0.10
205 silly fetch manifest mkdirp@>=0.5 0
206 silly fetch manifest rimraf@2
207 silly placeDep ROOT fstream-ignore@1.0.5 OK for: tar-pack@3.4.1 want: ^1.0.5
208 silly fetch manifest minimatch@^3.0.0
209 silly placeDep ROOT once@1.4.0 OK for: tar-pack@3.4.1 want: ^1.3.3
210 silly fetch manifest wrappy@1
211 silly placeDep node_modules/tar-pack readable-stream@2.3.8 OK for: tar-pack@3.4.1 want: ^2.1.4
212 silly fetch manifest isarray@~1.0.0
213 silly fetch manifest process-nextick-args@~2.0.0
214 silly fetch manifest safe-buffer@~5.1.1
215 silly fetch manifest string_decoder@~1.1.1
216 silly fetch manifest util-deprecate@~1.0.1
217 silly placeDep ROOT rimraf@2.7.1 OK for: tar-pack@3.4.1 want: ^2.5.1
218 silly fetch manifest glob@^7.1.3
219 silly placeDep ROOT tar@2.2.2 OK for: tar-pack@3.4.1 want: ^2.2.1
220 silly fetch manifest block-stream@*
221 silly placeDep ROOT uid-number@0.0.6 OK for: tar-pack@3.4.1 want: ^0.0.6
222 http fetch GET 200 https://registry.npmjs.org/ms 106ms (cache miss)
223 http fetch GET 200 https://registry.npmjs.org/process-nextick-args 102ms (cache miss)
224 http fetch GET 200 https://registry.npmjs.org/wrappy 112ms (cache miss)
225 http fetch GET 200 https://registry.npmjs.org/util-deprecate 112ms (cache miss)
226 http fetch GET 200 https://registry.npmjs.org/mkdirp 136ms (cache miss)
227 http fetch GET 200 https://registry.npmjs.org/block-stream 208ms (cache miss)
228 http fetch GET 200 https://registry.npmjs.org/glob 355ms (cache miss)
229 http fetch GET 200 https://registry.npmjs.org/minimatch 450ms (cache miss)
230 http fetch GET 200 https://registry.npmjs.org/safe-buffer 602ms (cache miss)
231 timing idealTree:node_modules/tar-pack Completed in 618ms
232 silly placeDep ROOT ms@2.0.0 OK for: debug@2.6.9 want: 2.0.0
233 timing idealTree:node_modules/debug Completed in 1ms
234 silly placeDep ROOT mkdirp@0.5.6 OK for: fstream@1.0.12 want: >=0.5 0
235 silly fetch manifest minimist@^1.2.6
236 http fetch GET 200 https://registry.npmjs.org/minimist 109ms (cache miss)
237 timing idealTree:node_modules/fstream Completed in 111ms
238 silly placeDep ROOT minimatch@3.1.2 OK for: fstream-ignore@1.0.5 want: ^3.0.0
239 silly fetch manifest brace-expansion@^1.1.7
240 http fetch GET 200 https://registry.npmjs.org/brace-expansion 110ms (cache miss)
241 timing idealTree:node_modules/fstream-ignore Completed in 112ms
242 silly placeDep ROOT brace-expansion@1.1.11 OK for: minimatch@3.1.2 want: ^1.1.7
243 silly fetch manifest balanced-match@^1.0.0
244 silly fetch manifest concat-map@0.0.1
245 http fetch GET 200 https://registry.npmjs.org/balanced-match 109ms (cache miss)
246 http fetch GET 200 https://registry.npmjs.org/concat-map 117ms (cache miss)
247 timing idealTree:node_modules/minimatch Completed in 121ms
248 silly placeDep ROOT balanced-match@1.0.2 OK for: brace-expansion@1.1.11 want: ^1.0.0
249 silly placeDep ROOT concat-map@0.0.1 OK for: brace-expansion@1.1.11 want: 0.0.1
250 timing idealTree:node_modules/brace-expansion Completed in 2ms
251 timing idealTree:node_modules/balanced-match Completed in 0ms
252 timing idealTree:node_modules/concat-map Completed in 0ms
253 silly placeDep ROOT minimist@1.2.8 OK for: mkdirp@0.5.6 want: ^1.2.6
254 timing idealTree:node_modules/mkdirp Completed in 1ms
255 timing idealTree:node_modules/minimist Completed in 0ms
256 timing idealTree:node_modules/ms Completed in 0ms
257 silly placeDep ROOT wrappy@1.0.2 OK for: once@1.4.0 want: 1
258 timing idealTree:node_modules/once Completed in 1ms
259 silly placeDep ROOT glob@7.2.3 OK for: rimraf@2.7.1 want: ^7.1.3
260 silly fetch manifest fs.realpath@^1.0.0
261 silly fetch manifest inflight@^1.0.4
262 silly fetch manifest path-is-absolute@^1.0.0
263 http fetch GET 200 https://registry.npmjs.org/path-is-absolute 105ms (cache miss)
264 http fetch GET 200 https://registry.npmjs.org/inflight 106ms (cache miss)
265 http fetch GET 200 https://registry.npmjs.org/fs.realpath 119ms (cache miss)
266 timing idealTree:node_modules/rimraf Completed in 122ms
267 silly placeDep ROOT fs.realpath@1.0.0 OK for: glob@7.2.3 want: ^1.0.0
268 silly placeDep ROOT inflight@1.0.6 OK for: glob@7.2.3 want: ^1.0.4
269 silly placeDep ROOT path-is-absolute@1.0.1 OK for: glob@7.2.3 want: ^1.0.0
270 timing idealTree:node_modules/glob Completed in 3ms
271 timing idealTree:node_modules/fs.realpath Completed in 0ms
272 timing idealTree:node_modules/inflight Completed in 0ms
273 timing idealTree:node_modules/path-is-absolute Completed in 0ms
274 silly placeDep ROOT block-stream@0.0.9 OK for: tar@2.2.2 want: *
275 timing idealTree:node_modules/tar Completed in 1ms
276 timing idealTree:node_modules/block-stream Completed in 0ms
277 silly placeDep node_modules/through2 readable-stream@1.0.34 OK for: through2@0.6.5 want: >=1.0.33-1 <1.1.0-0
278 silly placeDep ROOT xtend@4.0.2 OK for: through2@0.6.5 want: >=4.0.0 <4.1.0-0
279 timing idealTree:node_modules/through2 Completed in 3ms
280 silly placeDep node_modules/tmp rimraf@3.0.2 OK for: tmp@0.2.1 want: ^3.0.0
281 timing idealTree:node_modules/tmp Completed in 1ms
282 timing idealTree:node_modules/uid-number Completed in 0ms
283 timing idealTree:node_modules/universalify Completed in 0ms
284 silly placeDep ROOT builtins@1.0.3 OK for: validate-npm-package-name@3.0.0 want: ^1.0.3
285 timing idealTree:node_modules/validate-npm-package-name Completed in 1ms
286 timing idealTree:node_modules/builtins Completed in 0ms
287 silly placeDep ROOT isexe@2.0.0 OK for: which@2.0.2 want: ^2.0.0
288 timing idealTree:node_modules/which Completed in 1ms
289 timing idealTree:node_modules/isexe Completed in 0ms
290 timing idealTree:node_modules/wrappy Completed in 0ms
291 timing idealTree:node_modules/xtend Completed in 0ms
292 timing idealTree:node_modules/yallist Completed in 0ms
293 silly placeDep node_modules/tar-pack isarray@1.0.0 OK for: readable-stream@2.3.8 want: ~1.0.0
294 silly placeDep ROOT process-nextick-args@2.0.1 OK for: readable-stream@2.3.8 want: ~2.0.0
295 silly placeDep ROOT safe-buffer@5.1.2 OK for: readable-stream@2.3.8 want: ~5.1.1
296 silly placeDep node_modules/tar-pack string_decoder@1.1.1 OK for: readable-stream@2.3.8 want: ~1.1.1
297 silly placeDep ROOT util-deprecate@1.0.2 OK for: readable-stream@2.3.8 want: ~1.0.1
298 timing idealTree:node_modules/tar-pack/node_modules/readable-stream Completed in 7ms
299 timing idealTree:node_modules/process-nextick-args Completed in 0ms
300 timing idealTree:node_modules/safe-buffer Completed in 0ms
301 timing idealTree:node_modules/util-deprecate Completed in 0ms
302 timing idealTree:node_modules/tar-pack/node_modules/isarray Completed in 0ms
303 timing idealTree:node_modules/tar-pack/node_modules/string_decoder Completed in 0ms
304 timing idealTree:node_modules/through2/node_modules/readable-stream Completed in 0ms
305 timing idealTree:node_modules/tmp/node_modules/rimraf Completed in 0ms
306 timing idealTree:buildDeps Completed in 7129ms
307 timing idealTree:fixDepFlags Completed in 1ms
308 timing idealTree Completed in 7137ms
309 timing reify:loadTrees Completed in 7139ms
310 timing reify:diffTrees Completed in 2ms
311 silly reify moves {}
312 timing reify:retireShallow Completed in 2ms
313 timing reify:createSparse Completed in 14ms
314 timing reify:loadBundles Completed in 0ms
315 silly audit bulk request {
315 silly audit   'create-react-app': [ '5.0.1' ],
315 silly audit   chalk: [ '4.1.2' ],
315 silly audit   commander: [ '4.1.1' ],
315 silly audit   'cross-spawn': [ '7.0.3' ],
315 silly audit   envinfo: [ '7.11.0' ],
315 silly audit   'fs-extra': [ '10.1.0' ],
315 silly audit   hyperquest: [ '2.1.3' ],
315 silly audit   prompts: [ '2.4.2' ],
315 silly audit   semver: [ '7.5.4' ],
315 silly audit   'tar-pack': [ '3.4.1' ],
315 silly audit   tmp: [ '0.2.1' ],
315 silly audit   'validate-npm-package-name': [ '3.0.0' ],
315 silly audit   'ansi-styles': [ '4.3.0' ],
315 silly audit   'supports-color': [ '7.2.0' ],
315 silly audit   'color-convert': [ '2.0.1' ],
315 silly audit   'color-name': [ '1.1.4' ],
315 silly audit   'path-key': [ '3.1.1' ],
315 silly audit   'shebang-command': [ '2.0.0' ],
315 silly audit   which: [ '2.0.2' ],
315 silly audit   'graceful-fs': [ '4.2.11' ],
315 silly audit   jsonfile: [ '6.1.0' ],
315 silly audit   universalify: [ '2.0.1' ],
315 silly audit   'buffer-from': [ '0.1.2' ],
315 silly audit   duplexer2: [ '0.0.2' ],
315 silly audit   through2: [ '0.6.5' ],
315 silly audit   'readable-stream': [ '1.1.14', '2.3.8', '1.0.34' ],
315 silly audit   kleur: [ '3.0.3' ],
315 silly audit   sisteransi: [ '1.0.5' ],
315 silly audit   'core-util-is': [ '1.0.3' ],
315 silly audit   inherits: [ '2.0.4' ],
315 silly audit   isarray: [ '0.0.1', '1.0.0' ],
315 silly audit   string_decoder: [ '0.10.31', '1.1.1' ],
315 silly audit   'lru-cache': [ '6.0.0' ],
315 silly audit   yallist: [ '4.0.0' ],
315 silly audit   'shebang-regex': [ '3.0.0' ],
315 silly audit   'has-flag': [ '4.0.0' ],
315 silly audit   debug: [ '2.6.9' ],
315 silly audit   fstream: [ '1.0.12' ],
315 silly audit   'fstream-ignore': [ '1.0.5' ],
315 silly audit   once: [ '1.4.0' ],
315 silly audit   rimraf: [ '2.7.1', '3.0.2' ],
315 silly audit   tar: [ '2.2.2' ],
315 silly audit   'uid-number': [ '0.0.6' ],
315 silly audit   ms: [ '2.0.0' ],
315 silly audit   mkdirp: [ '0.5.6' ],
315 silly audit   minimatch: [ '3.1.2' ],
315 silly audit   'brace-expansion': [ '1.1.11' ],
315 silly audit   'balanced-match': [ '1.0.2' ],
315 silly audit   'concat-map': [ '0.0.1' ],
315 silly audit   minimist: [ '1.2.8' ],
315 silly audit   wrappy: [ '1.0.2' ],
315 silly audit   glob: [ '7.2.3' ],
315 silly audit   'fs.realpath': [ '1.0.0' ],
315 silly audit   inflight: [ '1.0.6' ],
315 silly audit   'path-is-absolute': [ '1.0.1' ],
315 silly audit   'block-stream': [ '0.0.9' ],
315 silly audit   xtend: [ '4.0.2' ],
315 silly audit   builtins: [ '1.0.3' ],
315 silly audit   isexe: [ '2.0.0' ],
315 silly audit   'process-nextick-args': [ '2.0.1' ],
315 silly audit   'safe-buffer': [ '5.1.2' ],
315 silly audit   'util-deprecate': [ '1.0.2' ]
315 silly audit }
316 silly tarball no local data for util-deprecate@https://registry.npmjs.org/util-deprecate/-/util-deprecate-1.0.2.tgz. Extracting by manifest.
317 silly tarball no local data for safe-buffer@https://registry.npmjs.org/safe-buffer/-/safe-buffer-5.1.2.tgz. Extracting by manifest.
318 silly tarball no local data for process-nextick-args@https://registry.npmjs.org/process-nextick-args/-/process-nextick-args-2.0.1.tgz. Extracting by manifest.
319 silly tarball no local data for isexe@https://registry.npmjs.org/isexe/-/isexe-2.0.0.tgz. Extracting by manifest.
320 silly tarball no local data for builtins@https://registry.npmjs.org/builtins/-/builtins-1.0.3.tgz. Extracting by manifest.
321 silly tarball no local data for xtend@https://registry.npmjs.org/xtend/-/xtend-4.0.2.tgz. Extracting by manifest.
322 silly tarball no local data for path-is-absolute@https://registry.npmjs.org/path-is-absolute/-/path-is-absolute-1.0.1.tgz. Extracting by manifest.
323 silly tarball no local data for block-stream@https://registry.npmjs.org/block-stream/-/block-stream-0.0.9.tgz. Extracting by manifest.
324 silly tarball no local data for inflight@https://registry.npmjs.org/inflight/-/inflight-1.0.6.tgz. Extracting by manifest.
325 silly tarball no local data for fs.realpath@https://registry.npmjs.org/fs.realpath/-/fs.realpath-1.0.0.tgz. Extracting by manifest.
326 silly tarball no local data for glob@https://registry.npmjs.org/glob/-/glob-7.2.3.tgz. Extracting by manifest.
327 silly tarball no local data for wrappy@https://registry.npmjs.org/wrappy/-/wrappy-1.0.2.tgz. Extracting by manifest.
328 silly tarball no local data for minimist@https://registry.npmjs.org/minimist/-/minimist-1.2.8.tgz. Extracting by manifest.
329 silly tarball no local data for concat-map@https://registry.npmjs.org/concat-map/-/concat-map-0.0.1.tgz. Extracting by manifest.
330 silly tarball no local data for balanced-match@https://registry.npmjs.org/balanced-match/-/balanced-match-1.0.2.tgz. Extracting by manifest.
331 silly tarball no local data for brace-expansion@https://registry.npmjs.org/brace-expansion/-/brace-expansion-1.1.11.tgz. Extracting by manifest.
332 silly tarball no local data for minimatch@https://registry.npmjs.org/minimatch/-/minimatch-3.1.2.tgz. Extracting by manifest.
333 silly tarball no local data for mkdirp@https://registry.npmjs.org/mkdirp/-/mkdirp-0.5.6.tgz. Extracting by manifest.
334 silly tarball no local data for uid-number@https://registry.npmjs.org/uid-number/-/uid-number-0.0.6.tgz. Extracting by manifest.
335 silly tarball no local data for ms@https://registry.npmjs.org/ms/-/ms-2.0.0.tgz. Extracting by manifest.
336 silly tarball no local data for tar@https://registry.npmjs.org/tar/-/tar-2.2.2.tgz. Extracting by manifest.
337 silly tarball no local data for rimraf@https://registry.npmjs.org/rimraf/-/rimraf-2.7.1.tgz. Extracting by manifest.
338 silly tarball no local data for once@https://registry.npmjs.org/once/-/once-1.4.0.tgz. Extracting by manifest.
339 silly tarball no local data for fstream-ignore@https://registry.npmjs.org/fstream-ignore/-/fstream-ignore-1.0.5.tgz. Extracting by manifest.
340 silly tarball no local data for debug@https://registry.npmjs.org/debug/-/debug-2.6.9.tgz. Extracting by manifest.
341 silly tarball no local data for fstream@https://registry.npmjs.org/fstream/-/fstream-1.0.12.tgz. Extracting by manifest.
342 silly tarball no local data for has-flag@https://registry.npmjs.org/has-flag/-/has-flag-4.0.0.tgz. Extracting by manifest.
343 silly tarball no local data for shebang-regex@https://registry.npmjs.org/shebang-regex/-/shebang-regex-3.0.0.tgz. Extracting by manifest.
344 silly tarball no local data for yallist@https://registry.npmjs.org/yallist/-/yallist-4.0.0.tgz. Extracting by manifest.
345 silly tarball no local data for lru-cache@https://registry.npmjs.org/lru-cache/-/lru-cache-6.0.0.tgz. Extracting by manifest.
346 silly tarball no local data for string_decoder@https://registry.npmjs.org/string_decoder/-/string_decoder-0.10.31.tgz. Extracting by manifest.
347 silly tarball no local data for isarray@https://registry.npmjs.org/isarray/-/isarray-0.0.1.tgz. Extracting by manifest.
348 silly tarball no local data for inherits@https://registry.npmjs.org/inherits/-/inherits-2.0.4.tgz. Extracting by manifest.
349 silly tarball no local data for core-util-is@https://registry.npmjs.org/core-util-is/-/core-util-is-1.0.3.tgz. Extracting by manifest.
350 silly tarball no local data for sisteransi@https://registry.npmjs.org/sisteransi/-/sisteransi-1.0.5.tgz. Extracting by manifest.
351 silly tarball no local data for kleur@https://registry.npmjs.org/kleur/-/kleur-3.0.3.tgz. Extracting by manifest.
352 silly tarball no local data for readable-stream@https://registry.npmjs.org/readable-stream/-/readable-stream-1.1.14.tgz. Extracting by manifest.
353 silly tarball no local data for through2@https://registry.npmjs.org/through2/-/through2-0.6.5.tgz. Extracting by manifest.
354 silly tarball no local data for buffer-from@https://registry.npmjs.org/buffer-from/-/buffer-from-0.1.2.tgz. Extracting by manifest.
355 silly tarball no local data for duplexer2@https://registry.npmjs.org/duplexer2/-/duplexer2-0.0.2.tgz. Extracting by manifest.
356 silly tarball no local data for universalify@https://registry.npmjs.org/universalify/-/universalify-2.0.1.tgz. Extracting by manifest.
357 silly tarball no local data for jsonfile@https://registry.npmjs.org/jsonfile/-/jsonfile-6.1.0.tgz. Extracting by manifest.
358 silly tarball no local data for which@https://registry.npmjs.org/which/-/which-2.0.2.tgz. Extracting by manifest.
359 silly tarball no local data for graceful-fs@https://registry.npmjs.org/graceful-fs/-/graceful-fs-4.2.11.tgz. Extracting by manifest.
360 silly tarball no local data for shebang-command@https://registry.npmjs.org/shebang-command/-/shebang-command-2.0.0.tgz. Extracting by manifest.
361 silly tarball no local data for path-key@https://registry.npmjs.org/path-key/-/path-key-3.1.1.tgz. Extracting by manifest.
362 silly tarball no local data for color-name@https://registry.npmjs.org/color-name/-/color-name-1.1.4.tgz. Extracting by manifest.
363 silly tarball no local data for color-convert@https://registry.npmjs.org/color-convert/-/color-convert-2.0.1.tgz. Extracting by manifest.
364 silly tarball no local data for supports-color@https://registry.npmjs.org/supports-color/-/supports-color-7.2.0.tgz. Extracting by manifest.
365 silly tarball no local data for ansi-styles@https://registry.npmjs.org/ansi-styles/-/ansi-styles-4.3.0.tgz. Extracting by manifest.
366 silly tarball no local data for validate-npm-package-name@https://registry.npmjs.org/validate-npm-package-name/-/validate-npm-package-name-3.0.0.tgz. Extracting by manifest.
367 silly tarball no local data for tmp@https://registry.npmjs.org/tmp/-/tmp-0.2.1.tgz. Extracting by manifest.
368 silly tarball no local data for tar-pack@https://registry.npmjs.org/tar-pack/-/tar-pack-3.4.1.tgz. Extracting by manifest.
369 silly tarball no local data for semver@https://registry.npmjs.org/semver/-/semver-7.5.4.tgz. Extracting by manifest.
370 silly tarball no local data for prompts@https://registry.npmjs.org/prompts/-/prompts-2.4.2.tgz. Extracting by manifest.
371 silly tarball no local data for hyperquest@https://registry.npmjs.org/hyperquest/-/hyperquest-2.1.3.tgz. Extracting by manifest.
372 silly tarball no local data for fs-extra@https://registry.npmjs.org/fs-extra/-/fs-extra-10.1.0.tgz. Extracting by manifest.
373 silly tarball no local data for envinfo@https://registry.npmjs.org/envinfo/-/envinfo-7.11.0.tgz. Extracting by manifest.
374 silly tarball no local data for cross-spawn@https://registry.npmjs.org/cross-spawn/-/cross-spawn-7.0.3.tgz. Extracting by manifest.
375 silly tarball no local data for commander@https://registry.npmjs.org/commander/-/commander-4.1.1.tgz. Extracting by manifest.
376 silly tarball no local data for chalk@https://registry.npmjs.org/chalk/-/chalk-4.1.2.tgz. Extracting by manifest.
377 silly tarball no local data for create-react-app@https://registry.npmjs.org/create-react-app/-/create-react-app-5.0.1.tgz. Extracting by manifest.
378 silly tarball no local data for readable-stream@https://registry.npmjs.org/readable-stream/-/readable-stream-1.0.34.tgz. Extracting by manifest.
379 silly tarball no local data for string_decoder@https://registry.npmjs.org/string_decoder/-/string_decoder-1.1.1.tgz. Extracting by manifest.
380 silly tarball no local data for isarray@https://registry.npmjs.org/isarray/-/isarray-1.0.0.tgz. Extracting by manifest.
381 silly tarball no local data for readable-stream@https://registry.npmjs.org/readable-stream/-/readable-stream-2.3.8.tgz. Extracting by manifest.
382 silly tarball no local data for rimraf@https://registry.npmjs.org/rimraf/-/rimraf-3.0.2.tgz. Extracting by manifest.
383 http fetch GET 200 https://registry.npmjs.org/xtend/-/xtend-4.0.2.tgz 339ms (cache miss)
384 http fetch GET 200 https://registry.npmjs.org/wrappy/-/wrappy-1.0.2.tgz 336ms (cache miss)
385 timing reifyNode:node_modules/wrappy Completed in 371ms
386 http fetch GET 200 https://registry.npmjs.org/path-is-absolute/-/path-is-absolute-1.0.1.tgz 341ms (cache miss)
387 timing reifyNode:node_modules/path-is-absolute Completed in 373ms
388 http fetch GET 200 https://registry.npmjs.org/fs.realpath/-/fs.realpath-1.0.0.tgz 339ms (cache miss)
389 http fetch GET 200 https://registry.npmjs.org/process-nextick-args/-/process-nextick-args-2.0.1.tgz 345ms (cache miss)
390 timing reifyNode:node_modules/process-nextick-args Completed in 374ms
391 http fetch GET 200 https://registry.npmjs.org/builtins/-/builtins-1.0.3.tgz 344ms (cache miss)
392 timing reifyNode:node_modules/fs.realpath Completed in 380ms
393 http fetch GET 200 https://registry.npmjs.org/inflight/-/inflight-1.0.6.tgz 350ms (cache miss)
394 timing reifyNode:node_modules/inflight Completed in 382ms
395 http fetch GET 200 https://registry.npmjs.org/util-deprecate/-/util-deprecate-1.0.2.tgz 357ms (cache miss)
396 timing reifyNode:node_modules/util-deprecate Completed in 389ms
397 timing reifyNode:node_modules/xtend Completed in 390ms
398 timing reifyNode:node_modules/builtins Completed in 391ms
399 http fetch GET 200 https://registry.npmjs.org/glob/-/glob-7.2.3.tgz 362ms (cache miss)
400 timing reifyNode:node_modules/glob Completed in 395ms
401 http fetch GET 200 https://registry.npmjs.org/safe-buffer/-/safe-buffer-5.1.2.tgz 369ms (cache miss)
402 timing reifyNode:node_modules/safe-buffer Completed in 399ms
403 http fetch GET 200 https://registry.npmjs.org/isexe/-/isexe-2.0.0.tgz 373ms (cache miss)
404 timing reifyNode:node_modules/isexe Completed in 403ms
405 http fetch GET 200 https://registry.npmjs.org/ms/-/ms-2.0.0.tgz 398ms (cache miss)
406 timing reifyNode:node_modules/ms Completed in 437ms
407 http fetch GET 200 https://registry.npmjs.org/balanced-match/-/balanced-match-1.0.2.tgz 417ms (cache miss)
408 http fetch GET 200 https://registry.npmjs.org/once/-/once-1.4.0.tgz 414ms (cache miss)
409 timing reifyNode:node_modules/once Completed in 455ms
410 timing reifyNode:node_modules/balanced-match Completed in 455ms
411 http fetch POST 200 https://registry.npmjs.org/-/npm/v1/security/advisories/bulk 465ms
412 timing auditReport:getReport Completed in 469ms
413 silly audit report {
413 silly audit report   tar: [
413 silly audit report     {
413 silly audit report       id: 1089685,
413 silly audit report       url: 'https://github.com/advisories/GHSA-3jfq-g458-7qm9',
413 silly audit report       title: 'Arbitrary File Creation/Overwrite due to insufficient absolute path sanitization',
413 silly audit report       severity: 'high',
413 silly audit report       vulnerable_versions: '<3.2.2',
413 silly audit report       cwe: [Array],
413 silly audit report       cvss: [Object]
413 silly audit report     },
413 silly audit report     {
413 silly audit report       id: 1095111,
413 silly audit report       url: 'https://github.com/advisories/GHSA-9r2w-394v-53qc',
413 silly audit report       title: 'Arbitrary File Creation/Overwrite via insufficient symlink protection due to directory cache poisoning using symbolic links',
413 silly audit report       severity: 'high',
413 silly audit report       vulnerable_versions: '<4.4.16',
413 silly audit report       cwe: [Array],
413 silly audit report       cvss: [Object]
413 silly audit report     },
413 silly audit report     {
413 silly audit report       id: 1095114,
413 silly audit report       url: 'https://github.com/advisories/GHSA-qq89-hq3f-393p',
413 silly audit report       title: 'Arbitrary File Creation/Overwrite via insufficient symlink protection due to directory cache poisoning using symbolic links',
413 silly audit report       severity: 'high',
413 silly audit report       vulnerable_versions: '<4.4.18',
413 silly audit report       cwe: [Array],
413 silly audit report       cvss: [Object]
413 silly audit report     },
413 silly audit report     {
413 silly audit report       id: 1095117,
413 silly audit report       url: 'https://github.com/advisories/GHSA-5955-9wpr-37jh',
413 silly audit report       title: 'Arbitrary File Creation/Overwrite on Windows via insufficient relative path sanitization',
413 silly audit report       severity: 'high',
413 silly audit report       vulnerable_versions: '<4.4.18',
413 silly audit report       cwe: [Array],
413 silly audit report       cvss: [Object]
413 silly audit report     }
413 silly audit report   ]
413 silly audit report }
414 timing metavuln:packument:tar Completed in 1ms
415 timing metavuln:cache:get:security-advisory:tar:Oa066nJpV2ox85F6qnk1N5eWmAmoWAMU7byYhWk4oYfHYrQ8aGHfCKRikfcy0dHDcKWKiPRc7Nz7R9fxKkj0Yw== Completed in 3ms
416 timing metavuln:load:security-advisory:tar:1089685 Completed in 4ms
417 timing metavuln:cache:get:security-advisory:tar:qweLcXkEUn/DfcnjzFJUEu5do6vr8IqTSdS35f49423/NY+krD30fMYGS5ccPHEBFlS0ATRDv0Dw3++xYe5pdA== Completed in 7ms
418 timing metavuln:load:security-advisory:tar:1095111 Completed in 2ms
419 timing metavuln:cache:get:security-advisory:tar:b0fCoK+2otf7Nha52jR5STLJsyDMnvQzBozhYiojLQHUE2MjYnczh0SCYCXIUIFc8ElJtX2G9GuLooD/irrIRQ== Completed in 9ms
420 timing metavuln:load:security-advisory:tar:1095114 Completed in 2ms
421 timing metavuln:cache:get:security-advisory:tar:2lGtz15Gs28nRX11iCY/mSa25Ky4CfNVzD5qptDvtqdkLXPb/znmxdJ/4OrOyJZ2qQgFtnfxP9ee2xfimUMfuw== Completed in 12ms
422 timing metavuln:load:security-advisory:tar:1095117 Completed in 4ms
423 timing metavuln:cache:put:security-advisory:tar:2lGtz15Gs28nRX11iCY/mSa25Ky4CfNVzD5qptDvtqdkLXPb/znmxdJ/4OrOyJZ2qQgFtnfxP9ee2xfimUMfuw== Completed in 9ms
424 timing metavuln:calculate:security-advisory:tar:1095117 Completed in 25ms
425 timing metavuln:cache:put:security-advisory:tar:b0fCoK+2otf7Nha52jR5STLJsyDMnvQzBozhYiojLQHUE2MjYnczh0SCYCXIUIFc8ElJtX2G9GuLooD/irrIRQ== Completed in 14ms
426 timing metavuln:calculate:security-advisory:tar:1095114 Completed in 25ms
427 timing metavuln:cache:put:security-advisory:tar:qweLcXkEUn/DfcnjzFJUEu5do6vr8IqTSdS35f49423/NY+krD30fMYGS5ccPHEBFlS0ATRDv0Dw3++xYe5pdA== Completed in 16ms
428 timing metavuln:calculate:security-advisory:tar:1095111 Completed in 25ms
429 timing metavuln:cache:put:security-advisory:tar:Oa066nJpV2ox85F6qnk1N5eWmAmoWAMU7byYhWk4oYfHYrQ8aGHfCKRikfcy0dHDcKWKiPRc7Nz7R9fxKkj0Yw== Completed in 19ms
430 timing metavuln:calculate:security-advisory:tar:1089685 Completed in 26ms
431 timing metavuln:packument:tar-pack Completed in 0ms
432 timing metavuln:cache:get:security-advisory:tar-pack:3KXljJwoAr/NHejfU6kg41RmjF3Pg6M28t7ViuMjk5SYV3kYL9qyGZ417dIFb1Y8K+hhpo0sBWpskxrKhsZQzQ== Completed in 0ms
433 timing metavuln:load:security-advisory:tar-pack:Oa066nJpV2ox85F6qnk1N5eWmAmoWAMU7byYhWk4oYfHYrQ8aGHfCKRikfcy0dHDcKWKiPRc7Nz7R9fxKkj0Yw== Completed in 2ms
434 http fetch GET 200 https://registry.npmjs.org/fstream-ignore/-/fstream-ignore-1.0.5.tgz 456ms (cache miss)
435 timing reifyNode:node_modules/fstream-ignore Completed in 496ms
436 timing metavuln:cache:put:security-advisory:tar-pack:3KXljJwoAr/NHejfU6kg41RmjF3Pg6M28t7ViuMjk5SYV3kYL9qyGZ417dIFb1Y8K+hhpo0sBWpskxrKhsZQzQ== Completed in 8ms
437 timing metavuln:calculate:security-advisory:tar-pack:Oa066nJpV2ox85F6qnk1N5eWmAmoWAMU7byYhWk4oYfHYrQ8aGHfCKRikfcy0dHDcKWKiPRc7Nz7R9fxKkj0Yw== Completed in 11ms
438 timing metavuln:packument:create-react-app Completed in 0ms
439 timing metavuln:cache:get:security-advisory:create-react-app:BAP5sjD/UipbJVBCija12WlnlurqvRCOfkHPDCK3St763W6JIxpLfRD1F9PMmW4GEaZmK6BFkh/Pye257xPpCw== Completed in 1ms
440 timing metavuln:load:security-advisory:create-react-app:3KXljJwoAr/NHejfU6kg41RmjF3Pg6M28t7ViuMjk5SYV3kYL9qyGZ417dIFb1Y8K+hhpo0sBWpskxrKhsZQzQ== Completed in 6ms
441 timing metavuln:cache:put:security-advisory:create-react-app:BAP5sjD/UipbJVBCija12WlnlurqvRCOfkHPDCK3St763W6JIxpLfRD1F9PMmW4GEaZmK6BFkh/Pye257xPpCw== Completed in 10ms
442 timing metavuln:calculate:security-advisory:create-react-app:3KXljJwoAr/NHejfU6kg41RmjF3Pg6M28t7ViuMjk5SYV3kYL9qyGZ417dIFb1Y8K+hhpo0sBWpskxrKhsZQzQ== Completed in 17ms
443 timing auditReport:init Completed in 64ms
444 timing reify:audit Completed in 534ms
445 http fetch GET 200 https://registry.npmjs.org/uid-number/-/uid-number-0.0.6.tgz 512ms (cache miss)
446 timing reifyNode:node_modules/uid-number Completed in 551ms
447 http fetch GET 200 https://registry.npmjs.org/debug/-/debug-2.6.9.tgz 519ms (cache miss)
448 timing reifyNode:node_modules/debug Completed in 559ms
449 http fetch GET 200 https://registry.npmjs.org/fstream/-/fstream-1.0.12.tgz 535ms (cache miss)
450 timing reifyNode:node_modules/fstream Completed in 576ms
451 http fetch GET 200 https://registry.npmjs.org/shebang-regex/-/shebang-regex-3.0.0.tgz 535ms (cache miss)
452 timing reifyNode:node_modules/shebang-regex Completed in 576ms
453 http fetch GET 200 https://registry.npmjs.org/yallist/-/yallist-4.0.0.tgz 553ms (cache miss)
454 http fetch GET 200 https://registry.npmjs.org/has-flag/-/has-flag-4.0.0.tgz 555ms (cache miss)
455 timing reifyNode:node_modules/yallist Completed in 597ms
456 timing reifyNode:node_modules/has-flag Completed in 598ms
457 http fetch GET 200 https://registry.npmjs.org/lru-cache/-/lru-cache-6.0.0.tgz 574ms (cache miss)
458 timing reifyNode:node_modules/lru-cache Completed in 618ms
459 http fetch GET 200 https://registry.npmjs.org/string_decoder/-/string_decoder-0.10.31.tgz 614ms (cache miss)
460 timing reifyNode:node_modules/string_decoder Completed in 659ms
461 http fetch GET 200 https://registry.npmjs.org/minimatch/-/minimatch-3.1.2.tgz 627ms (cache miss)
462 timing reifyNode:node_modules/minimatch Completed in 663ms
463 http fetch GET 200 https://registry.npmjs.org/inherits/-/inherits-2.0.4.tgz 629ms (cache miss)
464 timing reifyNode:node_modules/inherits Completed in 675ms
465 http fetch GET 200 https://registry.npmjs.org/core-util-is/-/core-util-is-1.0.3.tgz 643ms (cache miss)
466 timing reifyNode:node_modules/core-util-is Completed in 689ms
467 http fetch GET 200 https://registry.npmjs.org/concat-map/-/concat-map-0.0.1.tgz 691ms (cache miss)
468 timing reifyNode:node_modules/concat-map Completed in 726ms
469 http fetch GET 200 https://registry.npmjs.org/sisteransi/-/sisteransi-1.0.5.tgz 680ms (cache miss)
470 timing reifyNode:node_modules/sisteransi Completed in 727ms
471 http fetch GET 200 https://registry.npmjs.org/through2/-/through2-0.6.5.tgz 749ms (cache miss)
472 http fetch GET 200 https://registry.npmjs.org/buffer-from/-/buffer-from-0.1.2.tgz 749ms (cache miss)
473 timing reifyNode:node_modules/buffer-from Completed in 801ms
474 timing reifyNode:node_modules/through2 Completed in 801ms
475 http fetch GET 200 https://registry.npmjs.org/shebang-command/-/shebang-command-2.0.0.tgz 864ms (cache miss)
476 timing reifyNode:node_modules/shebang-command Completed in 919ms
477 http fetch GET 200 https://registry.npmjs.org/duplexer2/-/duplexer2-0.0.2.tgz 870ms (cache miss)
478 timing reifyNode:node_modules/duplexer2 Completed in 924ms
479 http fetch GET 200 https://registry.npmjs.org/mkdirp/-/mkdirp-0.5.6.tgz 996ms (cache miss)
480 http fetch GET 200 https://registry.npmjs.org/color-name/-/color-name-1.1.4.tgz 981ms (cache miss)
481 timing reifyNode:node_modules/color-name Completed in 1038ms
482 timing reifyNode:node_modules/mkdirp Completed in 1043ms
483 http fetch GET 200 https://registry.npmjs.org/rimraf/-/rimraf-2.7.1.tgz 1011ms (cache miss)
484 http fetch GET 200 https://registry.npmjs.org/isarray/-/isarray-0.0.1.tgz 1005ms (cache miss)
485 timing reifyNode:node_modules/rimraf Completed in 1056ms
486 timing reifyNode:node_modules/isarray Completed in 1056ms
487 http fetch GET 200 https://registry.npmjs.org/path-key/-/path-key-3.1.1.tgz 1004ms (cache miss)
488 timing reifyNode:node_modules/path-key Completed in 1060ms
489 http fetch GET 200 https://registry.npmjs.org/graceful-fs/-/graceful-fs-4.2.11.tgz 1060ms (cache miss)
490 timing reifyNode:node_modules/graceful-fs Completed in 1114ms
491 http fetch GET 200 https://registry.npmjs.org/kleur/-/kleur-3.0.3.tgz 1069ms (cache miss)
492 timing reifyNode:node_modules/kleur Completed in 1117ms
493 http fetch GET 200 https://registry.npmjs.org/universalify/-/universalify-2.0.1.tgz 1119ms (cache miss)
494 timing reifyNode:node_modules/universalify Completed in 1172ms
495 http fetch GET 200 https://registry.npmjs.org/supports-color/-/supports-color-7.2.0.tgz 1118ms (cache miss)
496 timing reifyNode:node_modules/supports-color Completed in 1177ms
497 http fetch GET 200 https://registry.npmjs.org/validate-npm-package-name/-/validate-npm-package-name-3.0.0.tgz 1134ms (cache miss)
498 timing reifyNode:node_modules/validate-npm-package-name Completed in 1193ms
499 http fetch GET 200 https://registry.npmjs.org/ansi-styles/-/ansi-styles-4.3.0.tgz 1138ms (cache miss)
500 timing reifyNode:node_modules/ansi-styles Completed in 1197ms
501 http fetch GET 200 https://registry.npmjs.org/which/-/which-2.0.2.tgz 1153ms (cache miss)
502 timing reifyNode:node_modules/which Completed in 1208ms
503 http fetch GET 200 https://registry.npmjs.org/block-stream/-/block-stream-0.0.9.tgz 1185ms (cache miss)
504 timing reifyNode:node_modules/block-stream Completed in 1217ms
505 http fetch GET 200 https://registry.npmjs.org/tmp/-/tmp-0.2.1.tgz 1160ms (cache miss)
506 timing reifyNode:node_modules/tmp Completed in 1218ms
507 http fetch GET 200 https://registry.npmjs.org/tar-pack/-/tar-pack-3.4.1.tgz 1205ms (cache miss)
508 timing reifyNode:node_modules/tar-pack Completed in 1264ms
509 http fetch GET 200 https://registry.npmjs.org/jsonfile/-/jsonfile-6.1.0.tgz 1291ms (cache miss)
510 timing reifyNode:node_modules/jsonfile Completed in 1345ms
511 http fetch GET 200 https://registry.npmjs.org/hyperquest/-/hyperquest-2.1.3.tgz 1396ms (cache miss)
512 timing reifyNode:node_modules/hyperquest Completed in 1457ms
513 http fetch GET 200 https://registry.npmjs.org/chalk/-/chalk-4.1.2.tgz 1429ms (cache miss)
514 timing reifyNode:node_modules/chalk Completed in 1492ms
515 http fetch GET 200 https://registry.npmjs.org/readable-stream/-/readable-stream-1.0.34.tgz 1432ms (cache miss)
516 timing reifyNode:node_modules/through2/node_modules/readable-stream Completed in 1502ms
517 http fetch GET 200 https://registry.npmjs.org/tar/-/tar-2.2.2.tgz 1466ms (cache miss)
518 warn deprecated tar@2.2.2: This version of tar is no longer supported, and will not receive security updates. Please upgrade asap.
519 timing reifyNode:node_modules/tar Completed in 1507ms
520 http fetch GET 200 https://registry.npmjs.org/prompts/-/prompts-2.4.2.tgz 1466ms (cache miss)
521 timing reifyNode:node_modules/prompts Completed in 1527ms
522 http fetch GET 200 https://registry.npmjs.org/color-convert/-/color-convert-2.0.1.tgz 1471ms (cache miss)
523 timing reifyNode:node_modules/color-convert Completed in 1528ms
524 http fetch GET 200 https://registry.npmjs.org/cross-spawn/-/cross-spawn-7.0.3.tgz 1477ms (cache miss)
525 timing reifyNode:node_modules/cross-spawn Completed in 1539ms
526 http fetch GET 200 https://registry.npmjs.org/isarray/-/isarray-1.0.0.tgz 1537ms (cache miss)
527 http fetch GET 200 https://registry.npmjs.org/readable-stream/-/readable-stream-1.1.14.tgz 1564ms (cache miss)
528 timing reifyNode:node_modules/readable-stream Completed in 1614ms
529 http fetch GET 200 https://registry.npmjs.org/commander/-/commander-4.1.1.tgz 1555ms (cache miss)
530 timing reifyNode:node_modules/tar-pack/node_modules/isarray Completed in 1617ms
531 timing reifyNode:node_modules/commander Completed in 1618ms
532 http fetch GET 200 https://registry.npmjs.org/rimraf/-/rimraf-3.0.2.tgz 1575ms (cache miss)
533 timing reifyNode:node_modules/tmp/node_modules/rimraf Completed in 1647ms
534 http fetch GET 200 https://registry.npmjs.org/brace-expansion/-/brace-expansion-1.1.11.tgz 1615ms (cache miss)
535 timing reifyNode:node_modules/brace-expansion Completed in 1651ms
536 http fetch GET 200 https://registry.npmjs.org/string_decoder/-/string_decoder-1.1.1.tgz 1605ms (cache miss)
537 http fetch GET 200 https://registry.npmjs.org/semver/-/semver-7.5.4.tgz 1614ms (cache miss)
538 timing reifyNode:node_modules/semver Completed in 1674ms
539 timing reifyNode:node_modules/tar-pack/node_modules/string_decoder Completed in 1674ms
540 http fetch GET 200 https://registry.npmjs.org/readable-stream/-/readable-stream-2.3.8.tgz 1631ms (cache miss)
541 timing reifyNode:node_modules/tar-pack/node_modules/readable-stream Completed in 1701ms
542 http fetch GET 200 https://registry.npmjs.org/create-react-app/-/create-react-app-5.0.1.tgz 1653ms (cache miss)
543 timing reifyNode:node_modules/create-react-app Completed in 1716ms
544 http fetch GET 200 https://registry.npmjs.org/minimist/-/minimist-1.2.8.tgz 1740ms (cache miss)
545 timing reifyNode:node_modules/minimist Completed in 1774ms
546 http fetch GET 200 https://registry.npmjs.org/fs-extra/-/fs-extra-10.1.0.tgz 1747ms (cache miss)
547 timing reifyNode:node_modules/fs-extra Completed in 1809ms
548 http fetch GET 200 https://registry.npmjs.org/envinfo/-/envinfo-7.11.0.tgz 2093ms (cache miss)
549 timing reifyNode:node_modules/envinfo Completed in 2154ms
550 timing reify:unpack Completed in 2158ms
551 timing reify:unretire Completed in 0ms
552 timing build:queue Completed in 3ms
553 timing build:link:node_modules/create-react-app Completed in 15ms
554 timing build:link:node_modules/rimraf Completed in 13ms
555 timing build:link:node_modules/mkdirp Completed in 13ms
556 timing build:link:node_modules/envinfo Completed in 14ms
557 timing build:link:node_modules/tmp/node_modules/rimraf Completed in 13ms
558 timing build:link:node_modules/semver Completed in 13ms
559 timing build:link:node_modules/which Completed in 14ms
560 timing build:link Completed in 16ms
561 timing build:deps Completed in 19ms
562 timing build Completed in 19ms
563 timing reify:build Completed in 20ms
564 timing reify:trash Completed in 0ms
565 timing reify:save Completed in 28ms
566 timing reify Completed in 9383ms
567 timing command:create Completed in 15747ms
568 notice
568 notice New [33mminor[39m version of npm available! [31m10.2.4[39m -> [32m10.4.0[39m
568 notice Changelog: [36mhttps://github.com/npm/cli/releases/tag/v10.4.0[39m
568 notice Run [32mnpm install -g npm@10.4.0[39m to update!
568 notice
569 verbose stack Error: command failed
569 verbose stack     at ChildProcess.<anonymous> (C:\Users\roko\AppData\Roaming\npm\node_modules\npm\node_modules\@npmcli\promise-spawn\lib\index.js:53:27)
569 verbose stack     at ChildProcess.emit (node:events:514:28)
569 verbose stack     at maybeClose (node:internal/child_process:1105:16)
569 verbose stack     at ChildProcess._handle.onexit (node:internal/child_process:305:5)
570 verbose cwd C:\Users\roko\Desktop\Arena
571 verbose Windows_NT 10.0.19045
572 verbose node v20.9.0
573 verbose npm  v10.2.4
574 error code 1
575 error path C:\Users\roko\Desktop\Arena
576 error command failed
577 error command C:\WINDOWS\system32\cmd.exe /d /s /c create-react-app
578 verbose exit 1
579 timing npm Completed in 16395ms
580 verbose code 1
581 error A complete log of this run can be found in: C:\Users\roko\Desktop\Arena\npm-cache\_logs\2024-02-01T15_20_58_729Z-debug-0.log
