0 verbose cli C:\Program Files\nodejs\node.exe C:\Users\roko\AppData\Roaming\npm\node_modules\npm\bin\npm-cli.js
1 info using npm@10.4.0
2 info using node@v20.9.0
3 timing npm:load:whichnode Completed in 2ms
4 timing config:load:defaults Completed in 3ms
5 timing config:load:file:C:\Users\roko\AppData\Roaming\npm\node_modules\npm\npmrc Completed in 2ms
6 timing config:load:builtin Completed in 2ms
7 timing config:load:cli Completed in 2ms
8 timing config:load:env Completed in 1ms
9 timing config:load:file:C:\Users\roko\Desktop\Arena\.npmrc Completed in 1ms
10 timing config:load:project Completed in 2ms
11 timing config:load:file:C:\Users\roko\.npmrc Completed in 1ms
12 timing config:load:user Completed in 1ms
13 timing config:load:file:C:\Users\roko\AppData\Roaming\npm\etc\npmrc Completed in 0ms
14 timing config:load:global Completed in 0ms
15 timing config:load:setEnvs Completed in 1ms
16 timing config:load Completed in 13ms
17 timing npm:load:configload Completed in 13ms
18 timing config:load:flatten Completed in 3ms
19 timing npm:load:mkdirpcache Completed in 0ms
20 timing npm:load:mkdirplogs Completed in 1ms
21 verbose title npm run dev
22 verbose argv "run" "dev"
23 timing npm:load:setTitle Completed in 1ms
24 timing npm:load:display Completed in 1ms
25 verbose logfile logs-max:10 dir:C:\Users\roko\Desktop\Arena\npm-cache\_logs\2024-02-02T10_38_25_997Z-
26 verbose logfile C:\Users\roko\Desktop\Arena\npm-cache\_logs\2024-02-02T10_38_25_997Z-debug-0.log
27 timing npm:load:logFile Completed in 9ms
28 timing npm:load:timers Completed in 0ms
29 timing npm:load:configScope Completed in 0ms
30 timing npm:load Completed in 55ms
31 timing command:run Completed in 2ms
32 verbose stack Error: Could not read package.json: Error: ENOENT: no such file or directory, open 'C:\Users\roko\Desktop\Arena\package.json'
33 verbose cwd C:\Users\roko\Desktop\Arena
34 verbose Windows_NT 10.0.19045
35 verbose node v20.9.0
36 verbose npm  v10.4.0
37 error code ENOENT
38 error syscall open
39 error path C:\Users\roko\Desktop\Arena\package.json
40 error errno -4058
41 error enoent Could not read package.json: Error: ENOENT: no such file or directory, open 'C:\Users\roko\Desktop\Arena\package.json'
42 error enoent This is related to npm not being able to find a file.
42 error enoent
43 verbose exit -4058
44 timing npm Completed in 153ms
45 verbose code -4058
46 error A complete log of this run can be found in: C:\Users\roko\Desktop\Arena\npm-cache\_logs\2024-02-02T10_38_25_997Z-debug-0.log
