0 verbose cli C:\Program Files\nodejs\node.exe C:\Users\roko\AppData\Roaming\npm\node_modules\npm\bin\npm-cli.js
1 info using npm@10.4.0
2 info using node@v20.9.0
3 timing npm:load:whichnode Completed in 3ms
4 timing config:load:defaults Completed in 1ms
5 timing config:load:file:C:\Users\roko\AppData\Roaming\npm\node_modules\npm\npmrc Completed in 3ms
6 timing config:load:builtin Completed in 3ms
7 timing config:load:cli Completed in 2ms
8 timing config:load:env Completed in 0ms
9 timing config:load:file:C:\Users\roko\Desktop\Arena\.npmrc Completed in 0ms
10 timing config:load:project Completed in 2ms
11 timing config:load:file:C:\Users\roko\.npmrc Completed in 1ms
12 timing config:load:user Completed in 1ms
13 timing config:load:file:C:\Users\roko\AppData\Roaming\npm\etc\npmrc Completed in 0ms
14 timing config:load:global Completed in 0ms
15 timing config:load:setEnvs Completed in 1ms
16 timing config:load Completed in 11ms
17 timing npm:load:configload Completed in 12ms
18 timing config:load:flatten Completed in 2ms
19 timing npm:load:mkdirpcache Completed in 1ms
20 timing npm:load:mkdirplogs Completed in 0ms
21 verbose title npm exec create-next-app@latest
22 verbose argv "exec" "--" "create-next-app@latest"
23 timing npm:load:setTitle Completed in 1ms
24 timing npm:load:display Completed in 1ms
25 verbose logfile logs-max:10 dir:C:\Users\roko\Desktop\Arena\npm-cache\_logs\2024-02-01T15_22_44_890Z-
26 verbose logfile C:\Users\roko\Desktop\Arena\npm-cache\_logs\2024-02-01T15_22_44_890Z-debug-0.log
27 timing npm:load:logFile Completed in 12ms
28 timing npm:load:timers Completed in 0ms
29 timing npm:load:configScope Completed in 0ms
30 timing npm:load Completed in 58ms
31 silly logfile done cleaning log files
32 timing arborist:ctor Completed in 1ms
33 http fetch GET 200 https://registry.npmjs.org/create-next-app 1533ms (cache miss)
34 timing arborist:ctor Completed in 0ms
35 timing arborist:ctor Completed in 0ms
36 timing arborist:ctor Completed in 0ms
37 timing idealTree:init Completed in 5ms
38 timing idealTree:userRequests Completed in 1ms
39 silly idealTree buildDeps
40 silly fetch manifest create-next-app@14.1.0
41 http fetch GET 200 https://registry.npmjs.org/create-next-app 1458ms (cache miss)
42 silly placeDep ROOT create-next-app@14.1.0 OK for:  want: 14.1.0
43 timing idealTree:#root Completed in 1542ms
44 timing idealTree:node_modules/create-next-app Completed in 0ms
45 timing idealTree:buildDeps Completed in 1544ms
46 timing idealTree:fixDepFlags Completed in 0ms
47 timing idealTree Completed in 1551ms
48 timing reify:loadTrees Completed in 1552ms
49 timing reify:diffTrees Completed in 1ms
50 silly reify moves {}
51 timing reify:retireShallow Completed in 1ms
52 timing reify:createSparse Completed in 7ms
53 timing reify:loadBundles Completed in 0ms
54 silly audit bulk request { 'create-next-app': [ '14.1.0' ] }
55 silly tarball no local data for create-next-app@https://registry.npmjs.org/create-next-app/-/create-next-app-14.1.0.tgz. Extracting by manifest.
56 http fetch POST 200 https://registry.npmjs.org/-/npm/v1/security/advisories/bulk 263ms
57 timing auditReport:getReport Completed in 264ms
58 silly audit report {}
59 timing auditReport:init Completed in 0ms
60 timing reify:audit Completed in 266ms
61 http fetch GET 200 https://registry.npmjs.org/create-next-app/-/create-next-app-14.1.0.tgz 390ms (cache miss)
62 timing reifyNode:node_modules/create-next-app Completed in 396ms
63 timing reify:unpack Completed in 396ms
64 timing reify:unretire Completed in 0ms
65 timing build:queue Completed in 0ms
66 timing build:link:node_modules/create-next-app Completed in 9ms
67 timing build:link Completed in 9ms
68 timing build:deps Completed in 10ms
69 timing build Completed in 10ms
70 timing reify:build Completed in 10ms
71 timing reify:trash Completed in 0ms
72 timing reify:save Completed in 7ms
73 timing reify Completed in 1980ms
74 timing command:exec Completed in 96785ms
75 verbose exit 0
76 timing npm Completed in 97239ms
77 info ok
